[17:46:48][FINE/CustomNPCs][noppes.npcs.controllers.ScriptController:87] Sat May 02 17:46:48 CEST 2020
[17:46:48][FINE/CustomNPCs][noppes.npcs.CustomNpcs:229] Script Engines Available:
[17:46:48][FINE/CustomNPCs][noppes.npcs.CustomNpcs:229] ECMAScript: .js
[17:49:14][FINE/CustomNPCs][noppes.npcs.controllers.LinkedNpcController:28] Loading Linked Npcs
[17:49:14][FINE/CustomNPCs][noppes.npcs.controllers.LinkedNpcController:28] Done loading Linked Npcs
[17:49:20][FINE/CustomNPCs][noppes.npcs.CustomNpcs:282] Loading Dialogs
[17:49:20][FINE/CustomNPCs][noppes.npcs.CustomNpcs:282] Done loading Dialogs
[17:49:43][FINE/CustomNPCs][noppes.npcs.controllers.LinkedNpcController:28] Loading Linked Npcs
[17:49:43][FINE/CustomNPCs][noppes.npcs.controllers.LinkedNpcController:28] Done loading Linked Npcs
[17:49:48][FINE/CustomNPCs][noppes.npcs.CustomNpcs:282] Loading Dialogs
[17:49:48][FINE/CustomNPCs][noppes.npcs.CustomNpcs:282] Done loading Dialogs
[17:52:50][FINE/CustomNPCs][noppes.npcs.controllers.LinkedNpcController:28] Loading Linked Npcs
[17:52:50][FINE/CustomNPCs][noppes.npcs.controllers.LinkedNpcController:28] Done loading Linked Npcs
[17:52:53][FINE/CustomNPCs][noppes.npcs.CustomNpcs:282] Loading Dialogs
[17:52:53][FINE/CustomNPCs][noppes.npcs.CustomNpcs:282] Done loading Dialogs
[17:53:01][FINE/CustomNPCs][noppes.npcs.controllers.LinkedNpcController:28] Loading Linked Npcs
[17:53:01][FINE/CustomNPCs][noppes.npcs.controllers.LinkedNpcController:28] Done loading Linked Npcs
[17:53:06][FINE/CustomNPCs][noppes.npcs.CustomNpcs:282] Loading Dialogs
[17:53:06][FINE/CustomNPCs][noppes.npcs.CustomNpcs:282] Done loading Dialogs
[17:53:21][FINE/CustomNPCs][noppes.npcs.controllers.LinkedNpcController:28] Loading Linked Npcs
[17:53:21][FINE/CustomNPCs][noppes.npcs.controllers.LinkedNpcController:28] Done loading Linked Npcs
[17:53:26][FINE/CustomNPCs][noppes.npcs.CustomNpcs:282] Loading Dialogs
[17:53:26][FINE/CustomNPCs][noppes.npcs.CustomNpcs:282] Done loading Dialogs
[17:53:36][FINE/CustomNPCs][noppes.npcs.controllers.LinkedNpcController:28] Loading Linked Npcs
[17:53:36][FINE/CustomNPCs][noppes.npcs.controllers.LinkedNpcController:28] Done loading Linked Npcs
[17:53:40][FINE/CustomNPCs][noppes.npcs.CustomNpcs:282] Loading Dialogs
[17:53:40][FINE/CustomNPCs][noppes.npcs.CustomNpcs:282] Done loading Dialogs
[17:54:26][FINE/CustomNPCs][noppes.npcs.controllers.LinkedNpcController:28] Loading Linked Npcs
[17:54:26][FINE/CustomNPCs][noppes.npcs.controllers.LinkedNpcController:28] Done loading Linked Npcs
[17:54:31][FINE/CustomNPCs][noppes.npcs.CustomNpcs:282] Loading Dialogs
[17:54:31][FINE/CustomNPCs][noppes.npcs.CustomNpcs:282] Done loading Dialogs
[17:56:00][FINE/CustomNPCs][noppes.npcs.controllers.LinkedNpcController:28] Loading Linked Npcs
[17:56:00][FINE/CustomNPCs][noppes.npcs.controllers.LinkedNpcController:28] Done loading Linked Npcs
[17:56:04][FINE/CustomNPCs][noppes.npcs.CustomNpcs:282] Loading Dialogs
[17:56:04][FINE/CustomNPCs][noppes.npcs.CustomNpcs:282] Done loading Dialogs
[17:56:58][FINE/CustomNPCs][noppes.npcs.controllers.LinkedNpcController:28] Loading Linked Npcs
[17:56:58][FINE/CustomNPCs][noppes.npcs.controllers.LinkedNpcController:28] Done loading Linked Npcs
[17:57:02][FINE/CustomNPCs][noppes.npcs.CustomNpcs:282] Loading Dialogs
[17:57:02][FINE/CustomNPCs][noppes.npcs.CustomNpcs:282] Done loading Dialogs
